{"/Users/astrimaitis/Projects/protocol/packages/vector-db/src/IVectorDB.ts": {"path":"/Users/astrimaitis/Projects/protocol/packages/vector-db/src/IVectorDB.ts","statementMap":{"0":{"start":{"line":63,"column":29},"end":{"line":63,"column":52}}},"fnMap":{},"branchMap":{},"s":{"0":1},"f":{},"b":{}}
,"/Users/astrimaitis/Projects/protocol/packages/vector-db/src/volatile/VectorDB.ts": {"path":"/Users/astrimaitis/Projects/protocol/packages/vector-db/src/volatile/VectorDB.ts","statementMap":{"0":{"start":{"line":35,"column":7},"end":{"line":215,"column":null}},"1":{"start":{"line":45,"column":14},"end":{"line":45,"column":65}},"2":{"start":{"line":46,"column":37},"end":{"line":46,"column":56}},"3":{"start":{"line":47,"column":38},"end":{"line":47,"column":59}},"4":{"start":{"line":41,"column":10},"end":{"line":41,"column":67}},"5":{"start":{"line":49,"column":4},"end":{"line":51,"column":6}},"6":{"start":{"line":52,"column":4},"end":{"line":54,"column":7}},"7":{"start":{"line":53,"column":6},"end":{"line":53,"column":36}},"8":{"start":{"line":64,"column":4},"end":{"line":66,"column":6}},"9":{"start":{"line":67,"column":4},"end":{"line":69,"column":7}},"10":{"start":{"line":68,"column":6},"end":{"line":68,"column":36}},"11":{"start":{"line":71,"column":4},"end":{"line":75,"column":null}},"12":{"start":{"line":72,"column":6},"end":{"line":74,"column":29}},"13":{"start":{"line":74,"column":19},"end":{"line":74,"column":27}},"14":{"start":{"line":77,"column":4},"end":{"line":79,"column":36}},"15":{"start":{"line":79,"column":24},"end":{"line":79,"column":34}},"16":{"start":{"line":88,"column":4},"end":{"line":90,"column":7}},"17":{"start":{"line":89,"column":6},"end":{"line":89,"column":40}},"18":{"start":{"line":104,"column":4},"end":{"line":130,"column":9}},"19":{"start":{"line":106,"column":8},"end":{"line":113,"column":28}},"20":{"start":{"line":108,"column":12},"end":{"line":111,"column":15}},"21":{"start":{"line":109,"column":31},"end":{"line":109,"column":47}},"22":{"start":{"line":110,"column":14},"end":{"line":110,"column":35}},"23":{"start":{"line":113,"column":25},"end":{"line":113,"column":26}},"24":{"start":{"line":117,"column":21},"end":{"line":117,"column":32}},"25":{"start":{"line":119,"column":8},"end":{"line":124,"column":11}},"26":{"start":{"line":120,"column":10},"end":{"line":123,"column":12}},"27":{"start":{"line":127,"column":8},"end":{"line":129,"column":10}},"28":{"start":{"line":140,"column":4},"end":{"line":148,"column":24}},"29":{"start":{"line":142,"column":23},"end":{"line":145,"column":10}},"30":{"start":{"line":146,"column":8},"end":{"line":146,"column":22}},"31":{"start":{"line":148,"column":21},"end":{"line":148,"column":22}},"32":{"start":{"line":158,"column":4},"end":{"line":160,"column":26}},"33":{"start":{"line":167,"column":4},"end":{"line":167,"column":33}},"34":{"start":{"line":171,"column":4},"end":{"line":171,"column":58}},"35":{"start":{"line":177,"column":28},"end":{"line":177,"column":44}},"36":{"start":{"line":178,"column":26},"end":{"line":180,"column":6}},"37":{"start":{"line":179,"column":6},"end":{"line":179,"column":47}},"38":{"start":{"line":181,"column":4},"end":{"line":181,"column":45}},"39":{"start":{"line":188,"column":4},"end":{"line":196,"column":8}},"40":{"start":{"line":190,"column":8},"end":{"line":190,"column":43}},"41":{"start":{"line":191,"column":8},"end":{"line":191,"column":47}},"42":{"start":{"line":192,"column":8},"end":{"line":192,"column":20}},"43":{"start":{"line":195,"column":15},"end":{"line":195,"column":77}},"44":{"start":{"line":202,"column":4},"end":{"line":213,"column":8}},"45":{"start":{"line":204,"column":21},"end":{"line":204,"column":41}},"46":{"start":{"line":205,"column":8},"end":{"line":207,"column":null}},"47":{"start":{"line":206,"column":10},"end":{"line":206,"column":20}},"48":{"start":{"line":209,"column":8},"end":{"line":209,"column":20}},"49":{"start":{"line":212,"column":15},"end":{"line":212,"column":77}},"50":{"start":{"line":35,"column":13},"end":{"line":215,"column":null}}},"fnMap":{"0":{"name":"(anonymous_4)","decl":{"start":{"line":43,"column":2},"end":{"line":43,"column":null}},"loc":{"start":{"line":47,"column":59},"end":{"line":55,"column":3}}},"1":{"name":"(anonymous_5)","decl":{"start":{"line":52,"column":48},"end":{"line":52,"column":49}},"loc":{"start":{"line":52,"column":60},"end":{"line":54,"column":5}}},"2":{"name":"(anonymous_6)","decl":{"start":{"line":61,"column":9},"end":{"line":61,"column":19}},"loc":{"start":{"line":62,"column":25},"end":{"line":80,"column":3}}},"3":{"name":"(anonymous_7)","decl":{"start":{"line":67,"column":48},"end":{"line":67,"column":49}},"loc":{"start":{"line":67,"column":60},"end":{"line":69,"column":5}}},"4":{"name":"(anonymous_8)","decl":{"start":{"line":74,"column":13},"end":{"line":74,"column":16}},"loc":{"start":{"line":74,"column":19},"end":{"line":74,"column":27}}},"5":{"name":"(anonymous_9)","decl":{"start":{"line":79,"column":11},"end":{"line":79,"column":12}},"loc":{"start":{"line":79,"column":24},"end":{"line":79,"column":34}}},"6":{"name":"(anonymous_10)","decl":{"start":{"line":85,"column":9},"end":{"line":85,"column":14}},"loc":{"start":{"line":86,"column":16},"end":{"line":91,"column":3}}},"7":{"name":"(anonymous_11)","decl":{"start":{"line":88,"column":62},"end":{"line":88,"column":63}},"loc":{"start":{"line":88,"column":74},"end":{"line":90,"column":5}}},"8":{"name":"(anonymous_12)","decl":{"start":{"line":99,"column":9},"end":{"line":99,"column":22}},"loc":{"start":{"line":102,"column":32},"end":{"line":131,"column":3}}},"9":{"name":"(anonymous_13)","decl":{"start":{"line":105,"column":21},"end":{"line":105,"column":22}},"loc":{"start":{"line":105,"column":42},"end":{"line":114,"column":7}}},"10":{"name":"(anonymous_14)","decl":{"start":{"line":107,"column":15},"end":{"line":107,"column":16}},"loc":{"start":{"line":107,"column":29},"end":{"line":112,"column":11}}},"11":{"name":"(anonymous_15)","decl":{"start":{"line":108,"column":33},"end":{"line":108,"column":34}},"loc":{"start":{"line":108,"column":41},"end":{"line":111,"column":13}}},"12":{"name":"(anonymous_16)","decl":{"start":{"line":113,"column":18},"end":{"line":113,"column":19}},"loc":{"start":{"line":113,"column":25},"end":{"line":113,"column":26}}},"13":{"name":"(anonymous_17)","decl":{"start":{"line":116,"column":15},"end":{"line":116,"column":16}},"loc":{"start":{"line":116,"column":24},"end":{"line":125,"column":7}}},"14":{"name":"(anonymous_18)","decl":{"start":{"line":119,"column":58},"end":{"line":119,"column":59}},"loc":{"start":{"line":119,"column":77},"end":{"line":124,"column":9}}},"15":{"name":"(anonymous_19)","decl":{"start":{"line":126,"column":14},"end":{"line":126,"column":15}},"loc":{"start":{"line":126,"column":22},"end":{"line":130,"column":7}}},"16":{"name":"(anonymous_20)","decl":{"start":{"line":136,"column":9},"end":{"line":136,"column":15}},"loc":{"start":{"line":138,"column":13},"end":{"line":149,"column":3}}},"17":{"name":"(anonymous_21)","decl":{"start":{"line":141,"column":11},"end":{"line":141,"column":12}},"loc":{"start":{"line":141,"column":30},"end":{"line":147,"column":7}}},"18":{"name":"(anonymous_22)","decl":{"start":{"line":148,"column":14},"end":{"line":148,"column":15}},"loc":{"start":{"line":148,"column":21},"end":{"line":148,"column":22}}},"19":{"name":"(anonymous_23)","decl":{"start":{"line":154,"column":9},"end":{"line":154,"column":14}},"loc":{"start":{"line":156,"column":25},"end":{"line":161,"column":3}}},"20":{"name":"(anonymous_24)","decl":{"start":{"line":163,"column":9},"end":{"line":163,"column":19}},"loc":{"start":{"line":163,"column":19},"end":{"line":168,"column":3}}},"21":{"name":"(anonymous_25)","decl":{"start":{"line":170,"column":12},"end":{"line":170,"column":23}},"loc":{"start":{"line":170,"column":23},"end":{"line":172,"column":3}}},"22":{"name":"(anonymous_26)","decl":{"start":{"line":174,"column":10},"end":{"line":174,"column":33}},"loc":{"start":{"line":175,"column":22},"end":{"line":182,"column":3}}},"23":{"name":"(anonymous_27)","decl":{"start":{"line":178,"column":46},"end":{"line":178,"column":47}},"loc":{"start":{"line":178,"column":54},"end":{"line":180,"column":5}}},"24":{"name":"(anonymous_28)","decl":{"start":{"line":184,"column":10},"end":{"line":184,"column":26}},"loc":{"start":{"line":186,"column":24},"end":{"line":197,"column":3}}},"25":{"name":"(anonymous_29)","decl":{"start":{"line":189,"column":11},"end":{"line":189,"column":12}},"loc":{"start":{"line":189,"column":21},"end":{"line":193,"column":7}}},"26":{"name":"(anonymous_30)","decl":{"start":{"line":195,"column":8},"end":{"line":195,"column":9}},"loc":{"start":{"line":195,"column":15},"end":{"line":195,"column":77}}},"27":{"name":"(anonymous_31)","decl":{"start":{"line":199,"column":10},"end":{"line":199,"column":26}},"loc":{"start":{"line":200,"column":31},"end":{"line":214,"column":3}}},"28":{"name":"(anonymous_32)","decl":{"start":{"line":203,"column":11},"end":{"line":203,"column":12}},"loc":{"start":{"line":203,"column":21},"end":{"line":210,"column":7}}},"29":{"name":"(anonymous_33)","decl":{"start":{"line":212,"column":8},"end":{"line":212,"column":9}},"loc":{"start":{"line":212,"column":15},"end":{"line":212,"column":77}}}},"branchMap":{"0":{"loc":{"start":{"line":71,"column":4},"end":{"line":75,"column":null}},"type":"if","locations":[{"start":{"line":71,"column":4},"end":{"line":75,"column":null}}]},"1":{"loc":{"start":{"line":205,"column":8},"end":{"line":207,"column":null}},"type":"if","locations":[{"start":{"line":205,"column":8},"end":{"line":207,"column":null}}]}},"s":{"0":1,"1":4,"2":4,"3":4,"4":4,"5":4,"6":4,"7":4,"8":3,"9":3,"10":3,"11":3,"12":2,"13":2,"14":1,"15":1,"16":3,"17":3,"18":1,"19":1,"20":1,"21":2,"22":2,"23":0,"24":1,"25":1,"26":1,"27":0,"28":1,"29":1,"30":1,"31":0,"32":0,"33":1,"34":0,"35":1,"36":1,"37":3,"38":1,"39":1,"40":1,"41":1,"42":1,"43":0,"44":1,"45":1,"46":1,"47":0,"48":1,"49":0,"50":1},"f":{"0":4,"1":4,"2":3,"3":3,"4":2,"5":1,"6":3,"7":3,"8":1,"9":1,"10":1,"11":2,"12":0,"13":1,"14":1,"15":0,"16":1,"17":1,"18":0,"19":0,"20":1,"21":0,"22":1,"23":3,"24":1,"25":1,"26":0,"27":1,"28":1,"29":0},"b":{"0":[2],"1":[0]}}
,"/Users/astrimaitis/Projects/protocol/packages/vector-db/test/mocks/TestVersionedObject.ts": {"path":"/Users/astrimaitis/Projects/protocol/packages/vector-db/test/mocks/TestVersionedObject.ts","statementMap":{"0":{"start":{"line":10,"column":4},"end":{"line":10,"column":12}},"1":{"start":{"line":9,"column":28},"end":{"line":9,"column":42}},"2":{"start":{"line":9,"column":51},"end":{"line":9,"column":67}},"3":{"start":{"line":14,"column":4},"end":{"line":14,"column":47}},"4":{"start":{"line":7,"column":16},"end":{"line":7,"column":36}},"5":{"start":{"line":20,"column":4},"end":{"line":20,"column":47}},"6":{"start":{"line":24,"column":4},"end":{"line":27,"column":6}},"7":{"start":{"line":34,"column":4},"end":{"line":34,"column":21}}},"fnMap":{"0":{"name":"(anonymous_0)","decl":{"start":{"line":9,"column":2},"end":{"line":9,"column":28}},"loc":{"start":{"line":9,"column":67},"end":{"line":11,"column":3}}},"1":{"name":"(anonymous_1)","decl":{"start":{"line":13,"column":9},"end":{"line":13,"column":19}},"loc":{"start":{"line":13,"column":19},"end":{"line":15,"column":3}}},"2":{"name":"(anonymous_2)","decl":{"start":{"line":19,"column":9},"end":{"line":19,"column":26}},"loc":{"start":{"line":19,"column":26},"end":{"line":21,"column":3}}},"3":{"name":"(anonymous_3)","decl":{"start":{"line":23,"column":12},"end":{"line":23,"column":19}},"loc":{"start":{"line":23,"column":49},"end":{"line":28,"column":3}}},"4":{"name":"(anonymous_4)","decl":{"start":{"line":30,"column":12},"end":{"line":30,"column":31}},"loc":{"start":{"line":30,"column":31},"end":{"line":35,"column":3}}}},"branchMap":{},"s":{"0":0,"1":0,"2":0,"3":0,"4":1,"5":0,"6":0,"7":0},"f":{"0":0,"1":0,"2":0,"3":0,"4":0},"b":{}}
,"/Users/astrimaitis/Projects/protocol/packages/vector-db/test/mocks/dummyIndexedDBData.ts": {"path":"/Users/astrimaitis/Projects/protocol/packages/vector-db/test/mocks/dummyIndexedDBData.ts","statementMap":{"0":{"start":{"line":10,"column":33},"end":{"line":29,"column":2}},"1":{"start":{"line":31,"column":30},"end":{"line":139,"column":2}},"2":{"start":{"line":141,"column":26},"end":{"line":141,"column":43}},"3":{"start":{"line":142,"column":26},"end":{"line":153,"column":null}},"4":{"start":{"line":156,"column":38},"end":{"line":281,"column":2}},"5":{"start":{"line":283,"column":41},"end":{"line":354,"column":2}}},"fnMap":{},"branchMap":{},"s":{"0":1,"1":1,"2":1,"3":1,"4":1,"5":1},"f":{},"b":{}}
,"/Users/astrimaitis/Projects/protocol/packages/vector-db/test/utils/indexedDBUtils.ts": {"path":"/Users/astrimaitis/Projects/protocol/packages/vector-db/test/utils/indexedDBUtils.ts","statementMap":{"0":{"start":{"line":9,"column":28},"end":{"line":22,"column":1}},"1":{"start":{"line":13,"column":2},"end":{"line":21,"column":5}},"2":{"start":{"line":14,"column":20},"end":{"line":14,"column":51}},"3":{"start":{"line":15,"column":4},"end":{"line":17,"column":6}},"4":{"start":{"line":16,"column":6},"end":{"line":16,"column":30}},"5":{"start":{"line":18,"column":4},"end":{"line":20,"column":6}},"6":{"start":{"line":19,"column":6},"end":{"line":19,"column":41}},"7":{"start":{"line":23,"column":30},"end":{"line":31,"column":1}},"8":{"start":{"line":28,"column":22},"end":{"line":28,"column":64}},"9":{"start":{"line":29,"column":22},"end":{"line":29,"column":56}},"10":{"start":{"line":30,"column":2},"end":{"line":30,"column":21}},"11":{"start":{"line":33,"column":34},"end":{"line":43,"column":null}},"12":{"start":{"line":37,"column":2},"end":{"line":43,"column":null}}},"fnMap":{"0":{"name":"(anonymous_0)","decl":{"start":{"line":9,"column":28},"end":{"line":9,"column":null}},"loc":{"start":{"line":12,"column":26},"end":{"line":22,"column":1}}},"1":{"name":"(anonymous_1)","decl":{"start":{"line":13,"column":21},"end":{"line":13,"column":22}},"loc":{"start":{"line":13,"column":41},"end":{"line":21,"column":3}}},"2":{"name":"(anonymous_2)","decl":{"start":{"line":15,"column":24},"end":{"line":15,"column":27}},"loc":{"start":{"line":15,"column":29},"end":{"line":17,"column":5}}},"3":{"name":"(anonymous_3)","decl":{"start":{"line":18,"column":22},"end":{"line":18,"column":25}},"loc":{"start":{"line":18,"column":27},"end":{"line":20,"column":5}}},"4":{"name":"(anonymous_4)","decl":{"start":{"line":23,"column":30},"end":{"line":23,"column":null}},"loc":{"start":{"line":27,"column":20},"end":{"line":31,"column":1}}},"5":{"name":"(anonymous_5)","decl":{"start":{"line":33,"column":34},"end":{"line":33,"column":null}},"loc":{"start":{"line":37,"column":2},"end":{"line":43,"column":null}}}},"branchMap":{"0":{"loc":{"start":{"line":43,"column":4},"end":{"line":43,"column":30}},"type":"binary-expr","locations":[{"start":{"line":43,"column":4},"end":{"line":43,"column":11}},{"start":{"line":43,"column":15},"end":{"line":43,"column":30}}]}},"s":{"0":1,"1":0,"2":0,"3":0,"4":0,"5":0,"6":0,"7":1,"8":0,"9":0,"10":0,"11":1,"12":4},"f":{"0":0,"1":0,"2":0,"3":0,"4":0,"5":4},"b":{"0":[4,4]}}
}
