TN:
SF:src/IVectorDB.ts
FNF:0
FNH:0
DA:63,1
LF:1
LH:1
BRF:0
BRH:0
end_of_record
TN:
SF:src/volatile/VectorDB.ts
FN:43,(anonymous_4)
FN:52,(anonymous_5)
FN:61,(anonymous_6)
FN:67,(anonymous_7)
FN:74,(anonymous_8)
FN:79,(anonymous_9)
FN:85,(anonymous_10)
FN:88,(anonymous_11)
FN:99,(anonymous_12)
FN:105,(anonymous_13)
FN:107,(anonymous_14)
FN:108,(anonymous_15)
FN:113,(anonymous_16)
FN:116,(anonymous_17)
FN:119,(anonymous_18)
FN:126,(anonymous_19)
FN:136,(anonymous_20)
FN:141,(anonymous_21)
FN:148,(anonymous_22)
FN:154,(anonymous_23)
FN:163,(anonymous_24)
FN:170,(anonymous_25)
FN:174,(anonymous_26)
FN:178,(anonymous_27)
FN:184,(anonymous_28)
FN:189,(anonymous_29)
FN:195,(anonymous_30)
FN:199,(anonymous_31)
FN:203,(anonymous_32)
FN:212,(anonymous_33)
FNF:30
FNH:23
FNDA:4,(anonymous_4)
FNDA:4,(anonymous_5)
FNDA:3,(anonymous_6)
FNDA:3,(anonymous_7)
FNDA:2,(anonymous_8)
FNDA:1,(anonymous_9)
FNDA:3,(anonymous_10)
FNDA:3,(anonymous_11)
FNDA:1,(anonymous_12)
FNDA:1,(anonymous_13)
FNDA:1,(anonymous_14)
FNDA:2,(anonymous_15)
FNDA:0,(anonymous_16)
FNDA:1,(anonymous_17)
FNDA:1,(anonymous_18)
FNDA:0,(anonymous_19)
FNDA:1,(anonymous_20)
FNDA:1,(anonymous_21)
FNDA:0,(anonymous_22)
FNDA:0,(anonymous_23)
FNDA:1,(anonymous_24)
FNDA:0,(anonymous_25)
FNDA:1,(anonymous_26)
FNDA:3,(anonymous_27)
FNDA:1,(anonymous_28)
FNDA:1,(anonymous_29)
FNDA:0,(anonymous_30)
FNDA:1,(anonymous_31)
FNDA:1,(anonymous_32)
FNDA:0,(anonymous_33)
DA:35,1
DA:41,4
DA:45,4
DA:46,4
DA:47,4
DA:49,4
DA:52,4
DA:53,4
DA:64,3
DA:67,3
DA:68,3
DA:71,3
DA:72,2
DA:74,2
DA:77,1
DA:79,1
DA:88,3
DA:89,3
DA:104,1
DA:106,1
DA:108,1
DA:109,2
DA:110,2
DA:113,0
DA:117,1
DA:119,1
DA:120,1
DA:127,0
DA:140,1
DA:142,1
DA:146,1
DA:148,0
DA:158,0
DA:167,1
DA:171,0
DA:177,1
DA:178,1
DA:179,3
DA:181,1
DA:188,1
DA:190,1
DA:191,1
DA:192,1
DA:195,0
DA:202,1
DA:204,1
DA:205,1
DA:206,0
DA:209,1
DA:212,0
LF:50
LH:42
BRDA:71,0,0,2
BRDA:205,1,0,0
BRF:2
BRH:1
end_of_record
TN:
SF:test/mocks/TestVersionedObject.ts
FN:9,(anonymous_0)
FN:13,(anonymous_1)
FN:19,(anonymous_2)
FN:23,(anonymous_3)
FN:30,(anonymous_4)
FNF:5
FNH:0
FNDA:0,(anonymous_0)
FNDA:0,(anonymous_1)
FNDA:0,(anonymous_2)
FNDA:0,(anonymous_3)
FNDA:0,(anonymous_4)
DA:7,1
DA:9,0
DA:10,0
DA:14,0
DA:20,0
DA:24,0
DA:34,0
LF:7
LH:1
BRF:0
BRH:0
end_of_record
TN:
SF:test/mocks/dummyIndexedDBData.ts
FNF:0
FNH:0
DA:10,1
DA:31,1
DA:141,1
DA:142,1
DA:156,1
DA:283,1
LF:6
LH:6
BRF:0
BRH:0
end_of_record
TN:
SF:test/utils/indexedDBUtils.ts
FN:9,(anonymous_0)
FN:13,(anonymous_1)
FN:15,(anonymous_2)
FN:18,(anonymous_3)
FN:23,(anonymous_4)
FN:33,(anonymous_5)
FNF:6
FNH:1
FNDA:0,(anonymous_0)
FNDA:0,(anonymous_1)
FNDA:0,(anonymous_2)
FNDA:0,(anonymous_3)
FNDA:0,(anonymous_4)
FNDA:4,(anonymous_5)
DA:9,1
DA:13,0
DA:14,0
DA:15,0
DA:16,0
DA:18,0
DA:19,0
DA:23,1
DA:28,0
DA:29,0
DA:30,0
DA:33,1
DA:37,4
LF:13
LH:4
BRDA:43,0,0,4
BRDA:43,0,1,4
BRF:2
BRH:2
end_of_record
